<?xml version="1.0" encoding="UTF-8"?>
<!-- Generated by org.testng.reporters.JUnitReportReporter -->
<testsuite skipped="0" hostname="DESKTOP-OR6AAE3" name="org.testng.Testng1" tests="2" failures="0" timestamp="01 Nov 2021 17:40:39 GMT" time="23.423" errors="0">
  <testcase name="Test1" time="23.168" classname="org.testng.Testng1"/>
  <testcase name="Test" time="0.255" classname="org.testng.Testng1"/>
</testsuite> <!-- org.testng.Testng1 -->
