<?xml version="1.0" encoding="UTF-8"?>
<!-- Generated by org.testng.reporters.JUnitReportReporter -->
<testsuite skipped="0" hostname="DESKTOP-OR6AAE3" name="org.testng.Testng4" tests="1" failures="0" timestamp="01 Nov 2021 17:56:48 GMT" time="0.330" errors="0">
  <testcase name="tco1" time="0.330" classname="org.testng.Testng4"/>
</testsuite> <!-- org.testng.Testng4 -->
