<?xml version="1.0" encoding="UTF-8"?>
<!-- Generated by org.testng.reporters.JUnitReportReporter -->
<testsuite skipped="0" hostname="DESKTOP-OR6AAE3" name="org.testng.Testng3$Testng" tests="3" failures="0" timestamp="31 Oct 2021 17:22:15 GMT" time="2.118" errors="0">
  <testcase name="Test" time="0.397" classname="org.testng.Testng3$Testng"/>
  <testcase name="Test1" time="0.168" classname="org.testng.Testng3$Testng"/>
  <testcase name="Test2" time="1.553" classname="org.testng.Testng3$Testng"/>
</testsuite> <!-- org.testng.Testng3$Testng -->
