<?xml version="1.0" encoding="UTF-8"?>
<!-- Generated by org.testng.reporters.JUnitReportReporter -->
<testsuite skipped="0" hostname="DESKTOP-OR6AAE3" name="org.testng.Testng3" tests="5" failures="0" timestamp="03 Nov 2021 09:16:06 GMT" time="7.901" errors="0">
  <testcase name="tco1" time="6.651" classname="org.testng.Testng3"/>
  <testcase name="tco1" time="0.210" classname="org.testng.Testng3"/>
  <testcase name="tco1" time="0.335" classname="org.testng.Testng3"/>
  <testcase name="tco1" time="0.288" classname="org.testng.Testng3"/>
  <testcase name="tco1" time="0.417" classname="org.testng.Testng3"/>
</testsuite> <!-- org.testng.Testng3 -->
