<?xml version="1.0" encoding="UTF-8"?>
<!-- Generated by org.testng.reporters.JUnitReportReporter -->
<testsuite skipped="0" hostname="DESKTOP-OR6AAE3" name="org.testng.Testng2" tests="1" failures="0" timestamp="01 Nov 2021 14:04:43 GMT" time="0.000" errors="0">
  <testcase name="middle" time="0.000" classname="org.testng.Testng2"/>
</testsuite> <!-- org.testng.Testng2 -->
