<?xml version="1.0" encoding="UTF-8"?>
<!-- Generated by org.testng.reporters.JUnitReportReporter -->
<testsuite skipped="0" hostname="DESKTOP-OR6AAE3" name="org.testng.Testng7" tests="3" failures="0" timestamp="07 Nov 2021 16:50:51 GMT" time="50.744" errors="0">
  <testcase name="tc02" time="16.087" classname="org.testng.Testng7"/>
  <testcase name="tc02" time="18.590" classname="org.testng.Testng7"/>
  <testcase name="tc02" time="16.067" classname="org.testng.Testng7"/>
</testsuite> <!-- org.testng.Testng7 -->
