<?xml version="1.0" encoding="UTF-8"?>
<!-- Generated by org.testng.reporters.JUnitReportReporter -->
<testsuite skipped="1" hostname="DESKTOP-OR6AAE3" name="org.testng.Testng5" tests="4" failures="0" timestamp="03 Nov 2021 10:27:38 GMT" time="33.491" errors="0">
  <testcase name="tco" time="10.124" classname="org.testng.Testng5"/>
  <testcase name="tco" time="11.346" classname="org.testng.Testng5"/>
  <testcase name="tco" time="12.021" classname="org.testng.Testng5"/>
  <testcase name="tco1" classname="org.testng.Testng5">
    <skipped/>
  </testcase> <!-- tco1 -->
</testsuite> <!-- org.testng.Testng5 -->
